<?xml version="1.0" encoding="UTF-8"?>
<testng-results ignored="0" total="1" passed="1" failed="0" skipped="0">
  <reporter-output>
  </reporter-output>
  <suite started-at="2022-04-04T11:36:35Z" name="GlassdoorScraperTestSuite" finished-at="2022-04-04T11:36:48Z" duration-ms="12482">
    <groups>
    </groups>
    <test started-at="2022-04-04T11:36:35Z" name="Scraper" finished-at="2022-04-04T11:36:48Z" duration-ms="12482">
      <class name="com.glassdoor.pages.Glassdoor">
        <test-method is-config="true" signature="setUp(java.lang.String, org.testng.ITestContext)[pri:0, instance:com.glassdoor.pages.Glassdoor@5d47c63f]" started-at="2022-04-04T11:36:35Z" name="setUp" finished-at="2022-04-04T11:36:38Z" duration-ms="2085" status="PASS">
          <params>
            <param index="0">
              <value>
                <![CDATA[chrome]]>
              </value>
            </param>
            <param index="1">
              <value>
                <![CDATA[org.testng.TestRunner@72be135f]]>
              </value>
            </param>
          </params>
          <reporter-output>
          </reporter-output>
        </test-method> <!-- setUp -->
        <test-method signature="test()[pri:0, instance:com.glassdoor.pages.Glassdoor@5d47c63f]" started-at="2022-04-04T11:36:38Z" name="test" finished-at="2022-04-04T11:36:48Z" duration-ms="10281" status="PASS">
          <reporter-output>
          </reporter-output>
        </test-method> <!-- test -->
        <test-method is-config="true" signature="tearDown()[pri:0, instance:com.glassdoor.pages.Glassdoor@5d47c63f]" started-at="2022-04-04T11:36:48Z" name="tearDown" finished-at="2022-04-04T11:36:48Z" duration-ms="100" status="PASS">
          <reporter-output>
          </reporter-output>
        </test-method> <!-- tearDown -->
      </class> <!-- com.glassdoor.pages.Glassdoor -->
    </test> <!-- Scraper -->
  </suite> <!-- GlassdoorScraperTestSuite -->
</testng-results>
